src/data/mock.ts(6,5): error TS2305: Module '"../types"' has no exported member 'SellerStats'.
src/data/mock.ts(12,9): error TS2322: Type 'string' is not assignable to type 'number'.
src/data/mock.ts(22,9): error TS2322: Type 'string' is not assignable to type 'number'.
src/data/mock.ts(32,9): error TS2322: Type 'string' is not assignable to type 'number'.
src/data/mock.ts(42,9): error TS2322: Type 'string' is not assignable to type 'number'.
src/data/mock.ts(52,9): error TS2322: Type 'string' is not assignable to type 'number'.
src/data/mock.ts(62,9): error TS2322: Type 'string' is not assignable to type 'number'.
src/data/mock.ts(76,9): error TS2322: Type 'string' is not assignable to type 'number'.
src/data/mock.ts(82,9): error TS2322: Type 'string' is not assignable to type 'number'.
src/data/mock.ts(88,9): error TS2322: Type 'string' is not assignable to type 'number'.
src/data/mock.ts(94,9): error TS2322: Type 'string' is not assignable to type 'number'.
src/data/mock.ts(100,9): error TS2322: Type 'string' is not assignable to type 'number'.
src/data/mock.ts(106,9): error TS2322: Type 'string' is not assignable to type 'number'.
src/data/mock.ts(112,9): error TS2322: Type 'string' is not assignable to type 'number'.
src/data/mock.ts(134,9): error TS2322: Type 'string' is not assignable to type 'number'.
src/data/mock.ts(144,13): error TS2353: Object literal may only specify known properties, and 'coordinates' does not exist in type '{ city: string; district: string; address?: string | undefined; }'.
src/data/mock.ts(150,9): error TS2322: Type 'string' is not assignable to type 'number'.
src/data/mock.ts(160,13): error TS2353: Object literal may only specify known properties, and 'coordinates' does not exist in type '{ city: string; district: string; address?: string | undefined; }'.
src/data/mock.ts(166,9): error TS2322: Type 'string' is not assignable to type 'number'.
src/data/mock.ts(176,13): error TS2353: Object literal may only specify known properties, and 'coordinates' does not exist in type '{ city: string; district: string; address?: string | undefined; }'.
src/data/mock.ts(186,9): error TS2322: Type 'string' is not assignable to type 'number'.
src/data/mock.ts(206,9): error TS2322: Type 'string' is not assignable to type 'number'.
src/data/mock.ts(227,9): error TS2322: Type 'string' is not assignable to type 'number'.
src/data/mock.ts(246,9): error TS2322: Type 'string' is not assignable to type 'number'.
src/data/mock.ts(265,9): error TS2322: Type 'string' is not assignable to type 'number'.
src/data/mock.ts(286,9): error TS2322: Type 'string' is not assignable to type 'number'.
src/data/mock.ts(304,9): error TS2322: Type 'string' is not assignable to type 'number'.
src/data/mock.ts(322,9): error TS2322: Type 'string' is not assignable to type 'number'.
src/data/mock.ts(342,9): error TS2322: Type 'string' is not assignable to type 'number'.
src/data/mock.ts(361,9): error TS2322: Type 'string' is not assignable to type 'number'.
src/data/mock.ts(448,35): error TS2367: This comparison appears to be unintentional because the types 'number' and 'string' have no overlap.
src/data/mock.ts(452,37): error TS2367: This comparison appears to be unintentional because the types 'number' and 'string' have no overlap.
src/data/mock.ts(456,40): error TS2367: This comparison appears to be unintentional because the types 'number' and 'string' have no overlap.
src/data/mock.ts(460,38): error TS2367: This comparison appears to be unintentional because the types 'number' and 'string' have no overlap.
src/data/mock.ts(464,39): error TS2551: Property 'sellerId' does not exist on type 'Part'. Did you mean 'seller'?
src/data/mock.ts(479,43): error TS2367: This comparison appears to be unintentional because the types 'number' and 'string' have no overlap.
src/data/mock.ts(500,18): error TS2339: Property 'compatibleVehicleIds' does not exist on type 'Part'.
src/data/mock.ts(500,45): error TS7006: Parameter 'vid' implicitly has an 'any' type.
src/data/mock.ts(510,18): error TS2339: Property 'compatibleVehicleIds' does not exist on type 'Part'.
src/data/mock.ts(510,45): error TS7006: Parameter 'vid' implicitly has an 'any' type.
src/data/mock.ts(520,18): error TS2339: Property 'compatibleVehicleIds' does not exist on type 'Part'.
src/data/mock.ts(520,45): error TS7006: Parameter 'vid' implicitly has an 'any' type.
src/navigation/CustomerNavigator.tsx(147,17): error TS2322: Type '({ navigation, route }: Props) => JSX.Element' is not assignable to type 'ScreenComponentType<CategoriesStackParamList, "PartDetails"> | undefined'.
  Type '({ navigation, route }: Props) => JSX.Element' is not assignable to type 'FunctionComponent<{}>'.
    Types of parameters '__0' and 'props' are incompatible.
      Type '{}' is missing the following properties from type 'Props': navigation, route
src/screens/customer/BrandSelectionScreen.tsx(55,11): error TS2353: Object literal may only specify known properties, and 'brandId' does not exist in type '{ make: string; model: string; }'.
src/screens/customer/BrandSelectionScreen.tsx(65,31): error TS2339: Property 'logoUrl' does not exist on type 'Vehicle'.
src/screens/customer/BrandSelectionScreen.tsx(73,29): error TS2339: Property 'imageUrl' does not exist on type 'Vehicle'.
src/screens/customer/CategorySelectionScreen.tsx(118,26): error TS2304: Cannot find name 'brandName'.
src/screens/customer/CategorySelectionScreen.tsx(137,21): error TS2769: No overload matches this call.
  Overload 1 of 2, '(props: FlatListProps<Category>): FlatList<Category>', gave the following error.
    Type '(item: Category) => number' is not assignable to type '(item: Category, index: number) => string'.
      Type 'number' is not assignable to type 'string'.
  Overload 2 of 2, '(props: FlatListProps<Category>, context: any): FlatList<Category>', gave the following error.
    Type '(item: Category) => number' is not assignable to type '(item: Category, index: number) => string'.
      Type 'number' is not assignable to type 'string'.
src/screens/customer/ChatScreen.tsx(122,24): error TS2551: Property 'storeName' does not exist on type 'Seller'. Did you mean 'store_name'?
src/screens/customer/FavoritesScreen.tsx(48,62): error TS2551: Property 'storeName' does not exist on type 'Seller'. Did you mean 'store_name'?
src/screens/customer/FavoritesScreen.tsx(149,37): error TS2322: Type 'number' is not assignable to type 'string'.
src/screens/customer/PartDetailsScreen.tsx(83,27): error TS2339: Property 'category' does not exist on type 'Part'.
src/screens/customer/PartDetailsScreen.tsx(129,45): error TS2345: Argument of type '(url: string, index: number) => JSX.Element' is not assignable to parameter of type '((value: Image, index: number, array: Image[]) => Element) & ((value: string, index: number, array: string[]) => Element)'.
  Type '(url: string, index: number) => JSX.Element' is not assignable to type '(value: Image, index: number, array: Image[]) => Element'.
    Types of parameters 'url' and 'value' are incompatible.
      Type 'Image' is not assignable to type 'string'.
src/screens/customer/PartDetailsScreen.tsx(289,51): error TS2551: Property 'yearFrom' does not exist on type 'Vehicle'. Did you mean 'year_from'?
src/screens/customer/PartDetailsScreen.tsx(289,73): error TS2551: Property 'yearTo' does not exist on type 'Vehicle'. Did you mean 'year_to'?
src/screens/customer/PartDetailsScreen.tsx(298,35): error TS2551: Property 'storeName' does not exist on type 'Seller'. Did you mean 'store_name'?
src/screens/customer/PartDetailsScreen.tsx(315,45): error TS2551: Property 'storeName' does not exist on type 'Seller'. Did you mean 'store_name'?
src/screens/customer/PartDetailsScreen.tsx(323,49): error TS2339: Property 'totalReviews' does not exist on type 'Seller'.
src/screens/customer/SearchResultsScreen.tsx(76,58): error TS2322: Type 'number' is not assignable to type 'never'.
src/screens/LoginScreen.tsx(66,42): error TS2554: Expected 2 arguments, but got 3.
src/screens/seller/AddPartScreen.tsx(52,21): error TS2304: Cannot find name 'ApiService'.
src/screens/seller/AddPartScreen.tsx(53,21): error TS2304: Cannot find name 'ApiService'.
src/screens/seller/AddPartScreen.tsx(80,40): error TS2304: Cannot find name 'SellerPartsService'.
src/screens/seller/AddPartScreen.tsx(134,23): error TS2304: Cannot find name 'SellerPartsService'.
src/screens/seller/AddPartScreen.tsx(146,23): error TS2304: Cannot find name 'SellerPartsService'.
src/services/api.ts(403,13): error TS2353: Object literal may only specify known properties, and 'sort_by' does not exist in type '{ make?: string | undefined; model?: string | undefined; part_name?: string | undefined; condition?: string | undefined; page?: number | undefined; }'.
