src/screens/customer/CategorySelectionScreen.tsx(16,32): error TS2307: Cannot find module '../../data/mock' or its corresponding type declarations.
src/screens/customer/ChatScreen.tsx(20,31): error TS2307: Cannot find module '../../data/mock' or its corresponding type declarations.
src/screens/customer/ChatScreen.tsx(132,30): error TS2552: Cannot find name 'seller'. Did you mean 'sellerId'?
src/screens/customer/PartDetailsScreen.tsx(262,47): error TS2339: Property 'name_ar' does not exist on type '{}'.
src/screens/customer/PartDetailsScreen.tsx(265,47): error TS2339: Property 'name_ar' does not exist on type '{}'.
src/screens/customer/PartTypeSelectionScreen.tsx(15,32): error TS2307: Cannot find module '../../data/mock' or its corresponding type declarations.
src/screens/seller/DashboardScreen.tsx(10,35): error TS2307: Cannot find module '../../data/mock' or its corresponding type declarations.
src/screens/seller/MessagesScreen.tsx(4,28): error TS2307: Cannot find module '../../data/mock' or its corresponding type declarations.
